<?xml version="1.0" encoding="UTF-8"?>
<!-- Generated by org.testng.reporters.JUnitReportReporter -->
<testsuite hostname="BISWAJIT2000" failures="0" tests="1" name="IDFC.IDFCAUTOMATE" time="28.087" errors="0" timestamp="2022-11-18T01:15:52 IST" skipped="0">
  <testcase classname="IDFC.IDFCAUTOMATE" name="m1" time="28.087"/>
  <system-out/>
</testsuite> <!-- IDFC.IDFCAUTOMATE -->
