<?xml version="1.0" encoding="UTF-8"?>
<!-- Generated by org.testng.reporters.JUnitReportReporter -->
<testsuite hostname="BISWAJIT2000" failures="0" tests="1" name="iDFC.IDFCTest" time="49.708" errors="0" timestamp="2022-11-18T16:51:45 IST" skipped="0">
  <testcase classname="iDFC.IDFCTest" name="m2" time="49.708"/>
  <system-out/>
</testsuite> <!-- iDFC.IDFCTest -->
